{
  "RSpec": {
    "coverage": {
      "/Users/vincent/Desktop/slick/spec/api/v1/conversations_controller_spec.rb": [
        1,
        null,
        1,
        null,
        7,
        null,
        1,
        1,
        1,
        1,
        null,
        null,
        1,
        1,
        1,
        null,
        null,
        null,
        1,
        1,
        2,
        2,
        null,
        null,
        1,
        1,
        1,
        null,
        2,
        null,
        null,
        1,
        1,
        1,
        1,
        null,
        1,
        5,
        null,
        null,
        1,
        null,
        null,
        1,
        1,
        1,
        1,
        null,
        null,
        null,
        null,
        null,
        1,
        1,
        1,
        2,
        2,
        null,
        null,
        1,
        1,
        1,
        null,
        2,
        null,
        null,
        null,
        null,
        null,
        null,
        null,
        null,
        null,
        null,
        null,
        null,
        null,
        null,
        null,
        null,
        null,
        null,
        null,
        null,
        null,
        null,
        null
      ],
      "/Users/vincent/Desktop/slick/spec/rails_helper.rb": [
        null,
        1,
        1,
        null,
        1,
        1,
        1,
        null,
        null,
        null,
        null,
        null,
        null,
        null,
        null,
        null,
        null,
        null,
        null,
        null,
        null,
        null,
        null,
        null,
        null,
        null,
        1,
        null,
        1,
        null,
        1,
        null,
        null,
        null,
        null,
        1,
        null,
        null,
        null,
        null,
        null,
        null,
        null,
        null,
        null,
        null,
        null,
        null,
        null,
        null,
        1,
        null
      ],
      "/Users/vincent/Desktop/slick/config/environment.rb": [
        null,
        1,
        null,
        null,
        1
      ],
      "/Users/vincent/Desktop/slick/config/application.rb": [
        1,
        null,
        1,
        null,
        1,
        1,
        1,
        1,
        1,
        1,
        1,
        null,
        null,
        null,
        null,
        1,
        null,
        1,
        1,
        null,
        null,
        null,
        null,
        null,
        null,
        null,
        null,
        null,
        null,
        null,
        null,
        null,
        1,
        null,
        1,
        1,
        1,
        1,
        1,
        1,
        1,
        1,
        1,
        null,
        1,
        1,
        null,
        null
      ],
      "/Users/vincent/Desktop/slick/config/boot.rb": [
        1,
        null,
        1
      ],
      "/Users/vincent/Desktop/slick/config/environments/test.rb": [
        1,
        null,
        null,
        null,
        null,
        null,
        null,
        1,
        null,
        null,
        null,
        null,
        1,
        null,
        null,
        1,
        1,
        null,
        null,
        1,
        1,
        null,
        null,
        1,
        null,
        null,
        1,
        null,
        null,
        null,
        null,
        1,
        null,
        null,
        1,
        null,
        null,
        1,
        null,
        null,
        null,
        null
      ],
      "/Users/vincent/Desktop/slick/config/initializers/assets.rb": [
        null,
        null,
        null,
        1,
        null,
        null,
        null,
        null,
        null,
        null,
        null
      ],
      "/Users/vincent/Desktop/slick/config/initializers/backtrace_silencers.rb": [
        null,
        null,
        null,
        null,
        null,
        null,
        null
      ],
      "/Users/vincent/Desktop/slick/config/initializers/cookies_serializer.rb": [
        null,
        null,
        1
      ],
      "/Users/vincent/Desktop/slick/config/initializers/devise.rb": [
        null,
        null,
        1,
        null,
        null,
        null,
        null,
        null,
        null,
        null,
        null,
        null,
        null,
        null,
        1,
        null,
        null,
        null,
        null,
        null,
        null,
        null,
        null,
        1,
        null,
        null,
        null,
        null,
        null,
        null,
        null,
        null,
        null,
        null,
        null,
        null,
        null,
        null,
        null,
        null,
        null,
        null,
        null,
        null,
        null,
        1,
        null,
        null,
        null,
        null,
        1,
        null,
        null,
        null,
        null,
        null,
        null,
        null,
        null,
        null,
        null,
        null,
        null,
        null,
        null,
        null,
        null,
        null,
        null,
        null,
        null,
        null,
        null,
        null,
        null,
        null,
        null,
        null,
        null,
        null,
        null,
        1,
        null,
        null,
        null,
        null,
        null,
        null,
        null,
        null,
        null,
        null,
        null,
        null,
        null,
        null,
        null,
        null,
        1,
        null,
        null,
        null,
        null,
        null,
        null,
        null,
        null,
        null,
        null,
        null,
        null,
        null,
        null,
        null,
        null,
        null,
        null,
        null,
        null,
        null,
        null,
        null,
        null,
        1,
        null,
        null,
        null,
        null,
        null,
        null,
        null,
        null,
        null,
        1,
        null,
        null,
        null,
        null,
        null,
        null,
        null,
        null,
        null,
        null,
        1,
        null,
        null,
        null,
        null,
        null,
        null,
        null,
        null,
        null,
        null,
        null,
        null,
        null,
        null,
        null,
        null,
        null,
        null,
        null,
        null,
        null,
        null,
        null,
        null,
        null,
        null,
        null,
        null,
        null,
        null,
        null,
        null,
        null,
        null,
        null,
        null,
        null,
        null,
        null,
        null,
        null,
        null,
        null,
        null,
        null,
        null,
        null,
        null,
        1,
        null,
        null,
        null,
        null,
        null,
        null,
        null,
        null,
        null,
        null,
        null,
        null,
        null,
        null,
        null,
        null,
        null,
        null,
        null,
        null,
        null,
        null,
        null,
        null,
        null,
        null,
        null,
        null,
        null,
        null,
        null,
        null,
        null,
        null,
        null,
        null,
        null,
        null,
        null,
        null,
        null,
        1,
        null,
        null,
        null,
        null,
        null,
        null,
        null,
        null,
        null,
        null,
        null,
        null,
        null,
        null,
        null,
        null,
        null,
        null,
        null,
        null,
        null,
        null,
        null,
        null,
        null,
        null,
        null,
        null,
        null
      ],
      "/Users/vincent/Desktop/slick/config/initializers/filter_parameter_logging.rb": [
        null,
        null,
        null,
        1
      ],
      "/Users/vincent/Desktop/slick/config/initializers/inflections.rb": [
        1,
        1,
        null
      ],
      "/Users/vincent/Desktop/slick/config/initializers/mime_types.rb": [
        null,
        null,
        null,
        null
      ],
      "/Users/vincent/Desktop/slick/config/initializers/session_store.rb": [
        null,
        null,
        1
      ],
      "/Users/vincent/Desktop/slick/config/initializers/wrap_parameters.rb": [
        null,
        null,
        null,
        null,
        null,
        null,
        1,
        1,
        null,
        null,
        null,
        null,
        null,
        null
      ],
      "/Users/vincent/Desktop/slick/spec/factories/conversations.rb": [
        null,
        1,
        1,
        18,
        null,
        null
      ],
      "/Users/vincent/Desktop/slick/spec/factories/messages.rb": [
        1,
        1,
        5,
        1,
        1,
        null,
        null,
        null,
        null
      ],
      "/Users/vincent/Desktop/slick/spec/factories/users.rb": [
        1,
        1,
        28,
        28,
        1,
        1,
        null,
        null
      ],
      "/Users/vincent/Desktop/slick/config/routes.rb": [
        1,
        null,
        1,
        null,
        1,
        1,
        1,
        null,
        null,
        1,
        1,
        1,
        null,
        1,
        1,
        1,
        1,
        1,
        null,
        null,
        null,
        null,
        null
      ],
      "/Users/vincent/Desktop/slick/lib/api_constraints.rb": [
        1,
        1,
        1,
        1,
        null,
        null,
        1,
        0,
        null,
        null,
        null
      ],
      "/Users/vincent/Desktop/slick/app/models/user.rb": [
        1,
        null,
        null,
        1,
        null,
        1,
        1,
        1,
        null
      ],
      "/Users/vincent/Desktop/slick/app/helpers/application_helper.rb": [
        1,
        null
      ],
      "/Users/vincent/Desktop/slick/app/controllers/api/v1/conversations_controller.rb": [
        1,
        1,
        null,
        1,
        1,
        1,
        null,
        null,
        1,
        2,
        2,
        null,
        null,
        1,
        1,
        1,
        1,
        null,
        null,
        1,
        0,
        0,
        0,
        null,
        null,
        1,
        2,
        2,
        2,
        null,
        0,
        null,
        null,
        null,
        1,
        0,
        0,
        null,
        0,
        null,
        0,
        null,
        null,
        1,
        null,
        1,
        2,
        null,
        null,
        null
      ],
      "/Users/vincent/Desktop/slick/app/controllers/application_controller.rb": [
        1,
        null,
        null,
        1,
        null,
        1,
        null,
        1,
        null,
        1,
        0,
        null,
        null
      ],
      "/Users/vincent/Desktop/slick/spec/api/v1/messages_controller_spec.rb": [
        1,
        null,
        1,
        1,
        null,
        null,
        null,
        null,
        null,
        null,
        null,
        null,
        null,
        null,
        null,
        null,
        null,
        null,
        null,
        null,
        null,
        null,
        null
      ],
      "/Users/vincent/Desktop/slick/app/controllers/api/v1/messages_controller.rb": [
        1,
        1,
        null,
        1,
        0,
        0,
        0,
        null,
        0,
        null,
        null,
        null,
        null,
        1,
        null,
        1,
        0,
        null,
        null
      ],
      "/Users/vincent/Desktop/slick/spec/api/v1/users_controller_spec.rb": [
        1,
        null,
        1,
        13,
        null,
        1,
        1,
        2,
        2,
        null,
        null,
        1,
        1,
        1,
        null,
        null,
        2,
        null,
        1,
        1,
        2,
        2,
        null,
        null,
        1,
        1,
        1,
        null,
        null,
        2,
        null,
        null,
        null,
        1,
        1,
        1,
        2,
        2,
        null,
        null,
        1,
        1,
        1,
        null,
        null,
        2,
        null,
        null,
        1,
        1,
        2,
        2,
        null,
        null,
        1,
        1,
        1,
        null,
        null,
        1,
        1,
        1,
        null,
        null,
        null,
        1,
        1,
        3,
        3,
        null,
        null,
        1,
        1,
        1,
        null,
        null,
        1,
        1,
        1,
        null,
        null,
        2,
        null,
        null,
        null,
        1,
        1,
        1,
        1,
        1,
        5,
        null,
        1,
        null,
        null,
        1,
        1,
        1,
        null,
        null,
        null
      ],
      "/Users/vincent/Desktop/slick/app/controllers/api/v1/users_controller.rb": [
        1,
        1,
        1,
        2,
        2,
        null,
        1,
        2,
        2,
        null,
        null,
        1,
        7,
        7,
        2,
        null,
        5,
        null,
        null,
        null,
        1,
        1,
        1,
        1,
        null,
        null,
        1,
        0,
        0,
        null,
        0,
        null,
        null,
        null,
        1,
        1,
        7,
        null,
        null
      ],
      "/Users/vincent/Desktop/slick/spec/models/conversation_spec.rb": [
        1,
        null,
        1,
        3,
        null,
        3,
        2,
        2,
        null,
        null
      ],
      "/Users/vincent/Desktop/slick/app/models/conversation.rb": [
        1,
        1,
        1,
        1,
        null,
        null,
        null
      ],
      "/Users/vincent/Desktop/slick/spec/models/message_spec.rb": [
        1,
        null,
        1,
        5,
        null,
        5,
        2,
        2,
        2,
        2,
        null,
        null
      ],
      "/Users/vincent/Desktop/slick/app/models/message.rb": [
        1,
        1,
        1,
        1,
        1,
        1,
        null
      ],
      "/Users/vincent/Desktop/slick/spec/models/user_spec.rb": [
        1,
        null,
        1,
        8,
        null,
        8,
        2,
        2,
        2,
        2,
        2,
        2,
        2,
        null
      ],
      "/Users/vincent/Desktop/slick/app/models/membership.rb": [
        1,
        1,
        1,
        null,
        null,
        null
      ]
    },
    "timestamp": 1441677998
  }
}
